0 info it worked if it ends with ok
1 verbose cli [ 'C:\\Program Files\\nodejs\\\\node.exe',
1 verbose cli   'C:\\Program Files\\nodejs\\node_modules\\npm\\bin\\npm-cli.js',
1 verbose cli   'install',
1 verbose cli   'git+https://github.com/jsdoc3/jsdoc.git',
1 verbose cli   '-g' ]
2 info using npm@1.4.28
3 info using node@v0.10.32
4 verbose node symlink C:\Program Files\nodejs\\node.exe
5 verbose cache add [ 'git+https://github.com/jsdoc3/jsdoc.git', null ]
6 verbose cache add name=undefined spec="git+https://github.com/jsdoc3/jsdoc.git" args=["git+https://github.com/jsdoc3/jsdoc.git",null]
7 verbose parsed url { protocol: 'git+https:',
7 verbose parsed url   slashes: true,
7 verbose parsed url   auth: null,
7 verbose parsed url   host: 'github.com',
7 verbose parsed url   port: null,
7 verbose parsed url   hostname: 'github.com',
7 verbose parsed url   hash: null,
7 verbose parsed url   search: null,
7 verbose parsed url   query: null,
7 verbose parsed url   pathname: '/jsdoc3/jsdoc.git',
7 verbose parsed url   path: '/jsdoc3/jsdoc.git',
7 verbose parsed url   href: 'git+https://github.com/jsdoc3/jsdoc.git' }
8 silly lockFile 7da7dbf1-ttps-github-com-jsdoc3-jsdoc-git https://github.com/jsdoc3/jsdoc.git
9 verbose lock https://github.com/jsdoc3/jsdoc.git C:\Users\Simone.DiNuovo\AppData\Roaming\npm-cache\7da7dbf1-ttps-github-com-jsdoc3-jsdoc-git.lock
10 verbose addRemoteGit [ 'https://github.com/jsdoc3/jsdoc.git', 'master' ]
11 error git clone https://github.com/jsdoc3/jsdoc.git undefined
11 error git clone https://github.com/jsdoc3/jsdoc.git undefined
12 silly lockFile 7da7dbf1-ttps-github-com-jsdoc3-jsdoc-git https://github.com/jsdoc3/jsdoc.git
13 silly lockFile 7da7dbf1-ttps-github-com-jsdoc3-jsdoc-git https://github.com/jsdoc3/jsdoc.git
14 error not found: git
15 error Failed using git.
15 error This is most likely not a problem with npm itself.
15 error Please check if you have git installed and in your PATH.
16 error System Windows_NT 6.1.7601
17 error command "C:\\Program Files\\nodejs\\\\node.exe" "C:\\Program Files\\nodejs\\node_modules\\npm\\bin\\npm-cli.js" "install" "git+https://github.com/jsdoc3/jsdoc.git" "-g"
18 error cwd C:\workspace\inheritance-
19 error node -v v0.10.32
20 error npm -v 1.4.28
21 error code ENOGIT
22 verbose exit [ 1, true ]
